<?xml version="1.0" encoding="UTF-8"?>
<!-- Generated by org.testng.reporters.JUnitXMLReporter -->
<testsuite ignored="0" hostname="LAPTOP-1826LOER" failures="0" tests="4" name="Default test" time="41.681" errors="0" timestamp="2024-11-16T08:12:18 IST">
  <testcase classname="com.webshop.tests.LoginPageTest" name="testMultiLoginFunction" time="3.741"/>
  <testcase classname="com.webshop.tests.LoginPageTest" name="testMultiLoginFunction" time="2.709"/>
  <testcase classname="com.webshop.tests.LoginPageTest" name="testMultiLoginFunction" time="1.761"/>
  <testcase classname="com.webshop.tests.LoginPageTest" name="testMultiLoginFunction" time="1.747"/>
</testsuite> <!-- Default test -->
