<?xml version="1.0" encoding="UTF-8"?>
<testng-results ignored="0" total="4" passed="4" failed="0" skipped="0">
  <reporter-output>
  </reporter-output>
  <suite started-at="2024-11-16T08:11:36 IST" name="Default suite" finished-at="2024-11-16T08:12:18 IST" duration-ms="41681">
    <groups>
    </groups>
    <test started-at="2024-11-16T08:11:36 IST" name="Default test" finished-at="2024-11-16T08:12:18 IST" duration-ms="41681">
      <class name="com.webshop.tests.LoginPageTest">
        <test-method is-config="true" signature="setUpReport()[pri:0, instance:com.webshop.tests.LoginPageTest@183ec003]" started-at="2024-11-16T08:11:36 IST" name="setUpReport" finished-at="2024-11-16T08:11:36 IST" duration-ms="292" status="PASS">
          <reporter-output>
          </reporter-output>
        </test-method> <!-- setUpReport -->
        <test-method is-config="true" signature="setUp()[pri:0, instance:com.webshop.tests.LoginPageTest@183ec003]" started-at="2024-11-16T08:11:37 IST" name="setUp" finished-at="2024-11-16T08:11:43 IST" duration-ms="5296" status="PASS">
          <reporter-output>
          </reporter-output>
        </test-method> <!-- setUp -->
        <test-method signature="testMultiLoginFunction(java.lang.String,java.lang.String)[pri:3, instance:com.webshop.tests.LoginPageTest@183ec003]" started-at="2024-11-16T08:11:43 IST" name="testMultiLoginFunction" data-provider="wsdata" finished-at="2024-11-16T08:11:46 IST" duration-ms="3741" status="PASS">
          <params>
            <param index="0">
              <value>
                <![CDATA[testautouser@gmail.com]]>
              </value>
            </param>
            <param index="1">
              <value>
                <![CDATA[Pass@123]]>
              </value>
            </param>
          </params>
          <reporter-output>
          </reporter-output>
        </test-method> <!-- testMultiLoginFunction -->
        <test-method is-config="true" signature="tearDown()[pri:0, instance:com.webshop.tests.LoginPageTest@183ec003]" started-at="2024-11-16T08:11:46 IST" name="tearDown" finished-at="2024-11-16T08:11:50 IST" duration-ms="3650" status="PASS">
          <reporter-output>
          </reporter-output>
        </test-method> <!-- tearDown -->
        <test-method is-config="true" signature="setUp()[pri:0, instance:com.webshop.tests.LoginPageTest@183ec003]" started-at="2024-11-16T08:11:50 IST" name="setUp" finished-at="2024-11-16T08:11:54 IST" duration-ms="4127" status="PASS">
          <reporter-output>
          </reporter-output>
        </test-method> <!-- setUp -->
        <test-method signature="testMultiLoginFunction(java.lang.String,java.lang.String)[pri:3, instance:com.webshop.tests.LoginPageTest@183ec003]" started-at="2024-11-16T08:11:54 IST" name="testMultiLoginFunction" data-provider="wsdata" finished-at="2024-11-16T08:11:57 IST" duration-ms="2709" status="PASS">
          <params>
            <param index="0">
              <value>
                <![CDATA[testautouser2@gmail.com]]>
              </value>
            </param>
            <param index="1">
              <value>
                <![CDATA[Pass@123]]>
              </value>
            </param>
          </params>
          <reporter-output>
          </reporter-output>
        </test-method> <!-- testMultiLoginFunction -->
        <test-method is-config="true" signature="tearDown()[pri:0, instance:com.webshop.tests.LoginPageTest@183ec003]" started-at="2024-11-16T08:11:57 IST" name="tearDown" finished-at="2024-11-16T08:12:00 IST" duration-ms="3305" status="PASS">
          <reporter-output>
          </reporter-output>
        </test-method> <!-- tearDown -->
        <test-method is-config="true" signature="setUp()[pri:0, instance:com.webshop.tests.LoginPageTest@183ec003]" started-at="2024-11-16T08:12:00 IST" name="setUp" finished-at="2024-11-16T08:12:04 IST" duration-ms="3863" status="PASS">
          <reporter-output>
          </reporter-output>
        </test-method> <!-- setUp -->
        <test-method signature="testMultiLoginFunction(java.lang.String,java.lang.String)[pri:3, instance:com.webshop.tests.LoginPageTest@183ec003]" started-at="2024-11-16T08:12:04 IST" name="testMultiLoginFunction" data-provider="wsdata" finished-at="2024-11-16T08:12:06 IST" duration-ms="1761" status="PASS">
          <params>
            <param index="0">
              <value>
                <![CDATA[selauto1@test.com]]>
              </value>
            </param>
            <param index="1">
              <value>
                <![CDATA[Pass@123]]>
              </value>
            </param>
          </params>
          <reporter-output>
          </reporter-output>
        </test-method> <!-- testMultiLoginFunction -->
        <test-method is-config="true" signature="tearDown()[pri:0, instance:com.webshop.tests.LoginPageTest@183ec003]" started-at="2024-11-16T08:12:06 IST" name="tearDown" finished-at="2024-11-16T08:12:09 IST" duration-ms="3261" status="PASS">
          <reporter-output>
          </reporter-output>
        </test-method> <!-- tearDown -->
        <test-method is-config="true" signature="setUp()[pri:0, instance:com.webshop.tests.LoginPageTest@183ec003]" started-at="2024-11-16T08:12:09 IST" name="setUp" finished-at="2024-11-16T08:12:13 IST" duration-ms="3650" status="PASS">
          <reporter-output>
          </reporter-output>
        </test-method> <!-- setUp -->
        <test-method signature="testMultiLoginFunction(java.lang.String,java.lang.String)[pri:3, instance:com.webshop.tests.LoginPageTest@183ec003]" started-at="2024-11-16T08:12:13 IST" name="testMultiLoginFunction" data-provider="wsdata" finished-at="2024-11-16T08:12:14 IST" duration-ms="1747" status="PASS">
          <params>
            <param index="0">
              <value>
                <![CDATA[selauto2@test.com]]>
              </value>
            </param>
            <param index="1">
              <value>
                <![CDATA[Password@123]]>
              </value>
            </param>
          </params>
          <reporter-output>
          </reporter-output>
        </test-method> <!-- testMultiLoginFunction -->
        <test-method is-config="true" signature="tearDown()[pri:0, instance:com.webshop.tests.LoginPageTest@183ec003]" started-at="2024-11-16T08:12:14 IST" name="tearDown" finished-at="2024-11-16T08:12:18 IST" duration-ms="3245" status="PASS">
          <reporter-output>
          </reporter-output>
        </test-method> <!-- tearDown -->
      </class> <!-- com.webshop.tests.LoginPageTest -->
    </test> <!-- Default test -->
  </suite> <!-- Default suite -->
</testng-results>
