<?xml version="1.0" encoding="UTF-8"?>
<testng-results ignored="0" total="1" passed="1" failed="0" skipped="0">
  <reporter-output>
  </reporter-output>
  <suite started-at="2024-11-22T08:14:08 IST" name="Default suite" finished-at="2024-11-22T08:14:32 IST" duration-ms="23875">
    <groups>
    </groups>
    <test started-at="2024-11-22T08:14:08 IST" name="Default test" finished-at="2024-11-22T08:14:32 IST" duration-ms="23875">
      <class name="com.webshop.tests.GiftCardsPageTest">
        <test-method is-config="true" signature="setUpReport()[pri:0, instance:com.webshop.tests.GiftCardsPageTest@35841320]" started-at="2024-11-22T08:14:08 IST" name="setUpReport" finished-at="2024-11-22T08:14:08 IST" duration-ms="328" status="PASS">
          <reporter-output>
          </reporter-output>
        </test-method> <!-- setUpReport -->
        <test-method is-config="true" signature="setUp()[pri:0, instance:com.webshop.tests.GiftCardsPageTest@35841320]" started-at="2024-11-22T08:14:08 IST" name="setUp" finished-at="2024-11-22T08:14:19 IST" duration-ms="10846" status="PASS">
          <reporter-output>
          </reporter-output>
        </test-method> <!-- setUp -->
        <test-method signature="testGiftCardsWithLogin()[pri:0, instance:com.webshop.tests.GiftCardsPageTest@35841320]" started-at="2024-11-22T08:14:19 IST" name="testGiftCardsWithLogin" finished-at="2024-11-22T08:14:28 IST" duration-ms="8573" status="PASS">
          <reporter-output>
          </reporter-output>
        </test-method> <!-- testGiftCardsWithLogin -->
        <test-method is-config="true" signature="tearDown()[pri:0, instance:com.webshop.tests.GiftCardsPageTest@35841320]" started-at="2024-11-22T08:14:28 IST" name="tearDown" finished-at="2024-11-22T08:14:32 IST" duration-ms="4378" status="PASS">
          <reporter-output>
          </reporter-output>
        </test-method> <!-- tearDown -->
      </class> <!-- com.webshop.tests.GiftCardsPageTest -->
    </test> <!-- Default test -->
  </suite> <!-- Default suite -->
</testng-results>
